<?xml version="1.0" encoding="UTF-8"?>
<testng-results ignored="0" total="0" passed="0" failed="0" skipped="0">
  <reporter-output>
  </reporter-output>
  <suite started-at="2020-03-11T13:07:36 IST" name="Default suite" finished-at="2020-03-11T13:07:41 IST" duration-ms="4833">
    <groups>
    </groups>
    <test started-at="2020-03-11T13:07:36 IST" name="Default test" finished-at="2020-03-11T13:07:41 IST" duration-ms="4833">
      <class name="com.uniform.TestNGExample.Test">
        <test-method is-config="true" signature="f1()[pri:0, instance:com.uniform.TestNGExample.Test@2250b9f2]" started-at="2020-03-11T13:07:36 IST" name="f1" finished-at="2020-03-11T13:07:41 IST" duration-ms="4816" status="PASS">
          <reporter-output>
          </reporter-output>
        </test-method> <!-- f1 -->
      </class> <!-- com.uniform.TestNGExample.Test -->
    </test> <!-- Default test -->
  </suite> <!-- Default suite -->
</testng-results>
